#-----------------------------------------------------------
# Vivado v2016.2 (64-bit)
# SW Build 1577090 on Thu Jun  2 16:32:40 MDT 2016
# IP Build 1577682 on Fri Jun  3 12:00:54 MDT 2016
# Start of session at: Sun Oct 23 17:16:56 2016
# Process ID: 10288
# Current directory: E:/Kevin/Documents/GitHub/keving_lsepulveda_ssoumbeyalley_dpgen/circuits/output/Vivado/project_2
# Command line: vivado.exe -gui_launcher_event rodinguilauncherevent10884 E:\Kevin\Documents\GitHub\keving_lsepulveda_ssoumbeyalley_dpgen\circuits\output\Vivado\project_2\project_2.xpr
# Log file: E:/Kevin/Documents/GitHub/keving_lsepulveda_ssoumbeyalley_dpgen/circuits/output/Vivado/project_2/vivado.log
# Journal file: E:/Kevin/Documents/GitHub/keving_lsepulveda_ssoumbeyalley_dpgen/circuits/output/Vivado/project_2\vivado.jou
#-----------------------------------------------------------
start_gui
open_project E:/Kevin/Documents/GitHub/keving_lsepulveda_ssoumbeyalley_dpgen/circuits/output/Vivado/project_2/project_2.xpr
INFO: [ProjectBase 1-489] The host OS only allows 260 characters in a normal path. The project is stored in a path with more than 80 characters. If you experience issues with IP, Block Designs, or files not being found, please consider moving the project to a location with a shorter path. Alternately consider using the OS subst command to map part of the path to a drive letter.
Current project path is 'E:/Kevin/Documents/GitHub/keving_lsepulveda_ssoumbeyalley_dpgen/circuits/output/Vivado/project_2'
Scanning sources...
Finished scanning sources
INFO: [IP_Flow 19-234] Refreshing IP repositories
INFO: [IP_Flow 19-1704] No user IP repositories specified
INFO: [IP_Flow 19-2313] Loaded Vivado IP repository 'E:/Xilinx/Vivado/2016.2/data/ip'.
update_compile_order -fileset sources_1
update_compile_order -fileset sources_1
add_files -norecurse E:/Kevin/Documents/GitHub/keving_lsepulveda_ssoumbeyalley_dpgen/circuits/output/Vivado/Component_Modules/SCOMP.v
update_compile_order -fileset sources_1
update_compile_order -fileset sources_1
update_compile_order -fileset sources_1
update_compile_order -fileset sources_1
update_compile_order -fileset sources_1
file mkdir E:/Kevin/Documents/GitHub/keving_lsepulveda_ssoumbeyalley_dpgen/circuits/output/Vivado/project_2/project_2.srcs/sources_1/new
close [ open E:/Kevin/Documents/GitHub/keving_lsepulveda_ssoumbeyalley_dpgen/circuits/output/Vivado/project_2/project_2.srcs/sources_1/new/SMUL.v w ]
add_files E:/Kevin/Documents/GitHub/keving_lsepulveda_ssoumbeyalley_dpgen/circuits/output/Vivado/project_2/project_2.srcs/sources_1/new/SMUL.v
close [ open E:/Kevin/Documents/GitHub/keving_lsepulveda_ssoumbeyalley_dpgen/circuits/output/Vivado/project_2/project_2.srcs/sources_1/new/SSUB.v w ]
add_files E:/Kevin/Documents/GitHub/keving_lsepulveda_ssoumbeyalley_dpgen/circuits/output/Vivado/project_2/project_2.srcs/sources_1/new/SSUB.v
close [ open E:/Kevin/Documents/GitHub/keving_lsepulveda_ssoumbeyalley_dpgen/circuits/output/Vivado/project_2/project_2.srcs/sources_1/new/SADD.v w ]
add_files E:/Kevin/Documents/GitHub/keving_lsepulveda_ssoumbeyalley_dpgen/circuits/output/Vivado/project_2/project_2.srcs/sources_1/new/SADD.v
update_compile_order -fileset sources_1
update_compile_order -fileset sources_1
update_compile_order -fileset sources_1
exit
INFO: [Common 17-206] Exiting Vivado at Sun Oct 23 18:57:27 2016...
