INFO: [VRFC 10-2263] Analyzing Verilog file "E:/Kevin/Documents/GitHub/keving_lsepulveda_ssoumbeyalley_dpgen/circuits/output/Vivado/project_2/project_2.srcs/sources_1/new/SSUB.v" into library xil_defaultlib
INFO: [VRFC 10-311] analyzing module SSUB
INFO: [VRFC 10-2263] Analyzing Verilog file "E:/Kevin/Documents/GitHub/keving_lsepulveda_ssoumbeyalley_dpgen/circuits/output/Vivado/project_2/project_2.srcs/sources_1/new/SSHR.v" into library xil_defaultlib
INFO: [VRFC 10-311] analyzing module SSHR
INFO: [VRFC 10-2263] Analyzing Verilog file "E:/Kevin/Documents/GitHub/keving_lsepulveda_ssoumbeyalley_dpgen/circuits/output/Vivado/project_2/project_2.srcs/sources_1/new/SSHL.v" into library xil_defaultlib
INFO: [VRFC 10-311] analyzing module SSHL
INFO: [VRFC 10-2263] Analyzing Verilog file "E:/Kevin/Documents/GitHub/keving_lsepulveda_ssoumbeyalley_dpgen/circuits/output/Vivado/Component_Modules/SCOMP.v" into library xil_defaultlib
INFO: [VRFC 10-311] analyzing module SCOMP
INFO: [VRFC 10-2263] Analyzing Verilog file "E:/Kevin/Documents/GitHub/keving_lsepulveda_ssoumbeyalley_dpgen/circuits/output/Vivado/Component_Modules/MUX2x1.v" into library xil_defaultlib
INFO: [VRFC 10-311] analyzing module MUX2x1
INFO: [VRFC 10-2263] Analyzing Verilog file "E:/Kevin/Documents/GitHub/keving_lsepulveda_ssoumbeyalley_dpgen/circuits/output/Vivado/project_2/project_2.srcs/sources_1/new/SREG.v" into library xil_defaultlib
INFO: [VRFC 10-311] analyzing module SREG
INFO: [VRFC 10-2263] Analyzing Verilog file "E:/Kevin/Documents/GitHub/keving_lsepulveda_ssoumbeyalley_dpgen/circuits/output/Vivado/project_2/project_2.srcs/sources_1/new/SADD.v" into library xil_defaultlib
INFO: [VRFC 10-311] analyzing module SADD
INFO: [VRFC 10-2263] Analyzing Verilog file "E:/Kevin/Documents/GitHub/keving_lsepulveda_ssoumbeyalley_dpgen/circuits/output/circuit5.v" into library xil_defaultlib
INFO: [VRFC 10-311] analyzing module circuit5
INFO: [VRFC 10-2263] Analyzing Verilog file "E:/Kevin/Documents/GitHub/keving_lsepulveda_ssoumbeyalley_dpgen/circuits/output/circuit4.v" into library xil_defaultlib
INFO: [VRFC 10-311] analyzing module circuit4
INFO: [VRFC 10-2263] Analyzing Verilog file "E:/Kevin/Documents/GitHub/keving_lsepulveda_ssoumbeyalley_dpgen/circuits/output/Vivado/project_2/project_2.srcs/sources_1/new/SMUL.v" into library xil_defaultlib
INFO: [VRFC 10-311] analyzing module SMUL
INFO: [VRFC 10-2263] Analyzing Verilog file "E:/Kevin/Documents/GitHub/keving_lsepulveda_ssoumbeyalley_dpgen/circuits/output/Vivado/Component_Modules/SUB.v" into library xil_defaultlib
INFO: [VRFC 10-311] analyzing module SUB
INFO: [VRFC 10-2263] Analyzing Verilog file "E:/Kevin/Documents/GitHub/keving_lsepulveda_ssoumbeyalley_dpgen/circuits/output/Vivado/Component_Modules/SHR.v" into library xil_defaultlib
INFO: [VRFC 10-311] analyzing module SHR
INFO: [VRFC 10-2263] Analyzing Verilog file "E:/Kevin/Documents/GitHub/keving_lsepulveda_ssoumbeyalley_dpgen/circuits/output/Vivado/Component_Modules/SHL.v" into library xil_defaultlib
INFO: [VRFC 10-311] analyzing module SHL
INFO: [VRFC 10-2263] Analyzing Verilog file "E:/Kevin/Documents/GitHub/keving_lsepulveda_ssoumbeyalley_dpgen/circuits/output/Vivado/Component_Modules/REG.v" into library xil_defaultlib
INFO: [VRFC 10-311] analyzing module REG
INFO: [VRFC 10-2263] Analyzing Verilog file "E:/Kevin/Documents/GitHub/keving_lsepulveda_ssoumbeyalley_dpgen/circuits/output/Vivado/Component_Modules/MUL.v" into library xil_defaultlib
INFO: [VRFC 10-311] analyzing module MUL
INFO: [VRFC 10-2263] Analyzing Verilog file "E:/Kevin/Documents/GitHub/keving_lsepulveda_ssoumbeyalley_dpgen/circuits/output/Vivado/Component_Modules/COMP.v" into library xil_defaultlib
INFO: [VRFC 10-311] analyzing module COMP
INFO: [VRFC 10-2263] Analyzing Verilog file "E:/Kevin/Documents/GitHub/keving_lsepulveda_ssoumbeyalley_dpgen/circuits/output/Vivado/Component_Modules/ADD.v" into library xil_defaultlib
INFO: [VRFC 10-311] analyzing module ADD
INFO: [VRFC 10-2263] Analyzing Verilog file "E:/Kevin/Documents/GitHub/keving_lsepulveda_ssoumbeyalley_dpgen/circuits/output/circuit1.v" into library xil_defaultlib
INFO: [VRFC 10-311] analyzing module circuit1
INFO: [VRFC 10-2263] Analyzing Verilog file "E:/Kevin/Documents/GitHub/keving_lsepulveda_ssoumbeyalley_dpgen/circuits/output/circuit2.v" into library xil_defaultlib
INFO: [VRFC 10-311] analyzing module circuit2
INFO: [VRFC 10-2263] Analyzing Verilog file "E:/Kevin/Documents/GitHub/keving_lsepulveda_ssoumbeyalley_dpgen/circuits/output/circuit3.v" into library xil_defaultlib
INFO: [VRFC 10-311] analyzing module circuit3
INFO: [VRFC 10-2263] Analyzing Verilog file "E:/Kevin/Documents/GitHub/keving_lsepulveda_ssoumbeyalley_dpgen/circuits/output/ucircuit1.v" into library xil_defaultlib
INFO: [VRFC 10-311] analyzing module ucircuit1
INFO: [VRFC 10-2263] Analyzing Verilog file "E:/Kevin/Documents/GitHub/keving_lsepulveda_ssoumbeyalley_dpgen/circuits/output/ucircuit2.v" into library xil_defaultlib
INFO: [VRFC 10-311] analyzing module ucircuit2
INFO: [VRFC 10-2263] Analyzing Verilog file "E:/Kevin/Documents/GitHub/keving_lsepulveda_ssoumbeyalley_dpgen/circuits/output/ucircuit3.v" into library xil_defaultlib
INFO: [VRFC 10-311] analyzing module ucircuit3
INFO: [VRFC 10-2263] Analyzing Verilog file "E:/Kevin/Documents/GitHub/keving_lsepulveda_ssoumbeyalley_dpgen/circuits/output/mixedcircuit1.v" into library xil_defaultlib
INFO: [VRFC 10-311] analyzing module mixedcircuit1
INFO: [VRFC 10-2263] Analyzing Verilog file "E:/Kevin/Documents/GitHub/keving_lsepulveda_ssoumbeyalley_dpgen/circuits/output/mixedcircuit2.v" into library xil_defaultlib
INFO: [VRFC 10-311] analyzing module mixedcircuit2
INFO: [VRFC 10-2263] Analyzing Verilog file "E:/Kevin/Documents/GitHub/keving_lsepulveda_ssoumbeyalley_dpgen/circuits/output/mixedcircuit3.v" into library xil_defaultlib
INFO: [VRFC 10-311] analyzing module mixedcircuit3
INFO: [VRFC 10-2263] Analyzing Verilog file "E:/Kevin/Documents/GitHub/keving_lsepulveda_ssoumbeyalley_dpgen/circuits/output/Vivado/Component_Modules/Assign2_tb1.v" into library xil_defaultlib
INFO: [VRFC 10-311] analyzing module Assign2_tb1
INFO: [VRFC 10-2263] Analyzing Verilog file "E:/Kevin/Documents/GitHub/keving_lsepulveda_ssoumbeyalley_dpgen/circuits/output/Vivado/Component_Modules/Assign2_tb.v" into library xil_defaultlib
INFO: [VRFC 10-311] analyzing module Assign2_tb
INFO: [VRFC 10-2263] Analyzing Verilog file "E:/Kevin/Documents/GitHub/keving_lsepulveda_ssoumbeyalley_dpgen/circuits/output/Vivado/project_2/project_2.sim/sim_1/behav/glbl.v" into library xil_defaultlib
INFO: [VRFC 10-311] analyzing module glbl
