Unable to capture context for thread 13208 in process 11076, can not generate back trace
Exception at PC 0x00007FFB6DF1BB93
Printing stacktrace...

Unable to capture context for thread 13208 in process 11076, can not generate back trace
Exception at PC 0x00007FFBADEC7788
Unable to capture context for thread 12256 in process 11076, can not generate back trace
Exception at PC 0x00007FFBADEC7788
Exception at PC 0x00007FFBADEC7788
Exception at PC 0x00007FFBADEC7788
Exception at PC 0x00007FFBADEC7788
Exception at PC 0x00007FFBADEC7788
Exception at PC 0x00007FFBADEC7788
Exception at PC 0x00007FFBADEC7788
Exception at PC 0x00007FFBADEC7788
Exception at PC 0x00007FFBADEC7788
Exception at PC 0x00007FFBADEC7788
Exception at PC 0x00007FFBADEC7788
Exception at PC 0x00007FFBADEC7788
Exception at PC 0x00007FFBADEC7788
Exception at PC 0x00007FFBADEC7788
Exception at PC 0x00007FFBADEC7788
[0]  [0x00007FFB6DF1BB93]
[1]  [0x00007FFB6DF1BB93]
[2]  [0x00007FFB6DF1B4A1]
[3]  [0x00007FFB6DF1B3EF]
[4]  [0x00007FFB6DF019FE]
[5]  [0x00007FFB6DF00ED1]
[6]  [0x00007FFB6DF00D76]
[7]  [0x00007FFB6DEA79F6]
[8]  [0x00007FFB6DE97AFB]
[9]  [0x00007FFB6DFBE90A]
[10]  [0x00007FFB6DFD9F87]
[11]  [0x00007FFB6DFDA05F]
[12] (BaseThreadInitThunk+0x14) [0x00007FFBAEDE8364]
[13] (RtlUserThreadStart+0x21) [0x00007FFBB14B5E91]
Done
Exception at PC 0x00007FFBADEC7788
